Determining if the pthread_create exist failed with the following output:
Change Dir: /home/humasoft/Soft-Arm/.build-untitled-Desktop-Default/CMakeFiles/CMakeTmp

Run Build Command:"/usr/bin/make" "cmTC_f6478/fast"
/usr/bin/make -f CMakeFiles/cmTC_f6478.dir/build.make CMakeFiles/cmTC_f6478.dir/build
make[1]: se entra en el directorio '/home/humasoft/Soft-Arm/.build-untitled-Desktop-Default/CMakeFiles/CMakeTmp'
Building C object CMakeFiles/cmTC_f6478.dir/CheckSymbolExists.c.o
/usr/bin/gcc    -o CMakeFiles/cmTC_f6478.dir/CheckSymbolExists.c.o   -c /home/humasoft/Soft-Arm/.build-untitled-Desktop-Default/CMakeFiles/CMakeTmp/CheckSymbolExists.c
Linking C executable cmTC_f6478
/usr/bin/cmake -E cmake_link_script CMakeFiles/cmTC_f6478.dir/link.txt --verbose=1
/usr/bin/gcc      -rdynamic CMakeFiles/cmTC_f6478.dir/CheckSymbolExists.c.o  -o cmTC_f6478 
/usr/bin/ld: CMakeFiles/cmTC_f6478.dir/CheckSymbolExists.c.o: en la función `main':
CheckSymbolExists.c:(.text+0x1b): referencia a `pthread_create' sin definir
collect2: error: ld returned 1 exit status
make[1]: *** [CMakeFiles/cmTC_f6478.dir/build.make:87: cmTC_f6478] Error 1
make[1]: se sale del directorio '/home/humasoft/Soft-Arm/.build-untitled-Desktop-Default/CMakeFiles/CMakeTmp'
make: *** [Makefile:121: cmTC_f6478/fast] Error 2

File /home/humasoft/Soft-Arm/.build-untitled-Desktop-Default/CMakeFiles/CMakeTmp/CheckSymbolExists.c:
/* */
#include <pthread.h>

int main(int argc, char** argv)
{
  (void)argv;
#ifndef pthread_create
  return ((int*)(&pthread_create))[argc];
#else
  (void)argc;
  return 0;
#endif
}

Determining if the function pthread_create exists in the pthreads failed with the following output:
Change Dir: /home/humasoft/Soft-Arm/.build-untitled-Desktop-Default/CMakeFiles/CMakeTmp

Run Build Command:"/usr/bin/make" "cmTC_4a7d9/fast"
/usr/bin/make -f CMakeFiles/cmTC_4a7d9.dir/build.make CMakeFiles/cmTC_4a7d9.dir/build
make[1]: se entra en el directorio '/home/humasoft/Soft-Arm/.build-untitled-Desktop-Default/CMakeFiles/CMakeTmp'
Building C object CMakeFiles/cmTC_4a7d9.dir/CheckFunctionExists.c.o
/usr/bin/gcc   -DCHECK_FUNCTION_EXISTS=pthread_create   -o CMakeFiles/cmTC_4a7d9.dir/CheckFunctionExists.c.o   -c /usr/share/cmake-3.13/Modules/CheckFunctionExists.c
Linking C executable cmTC_4a7d9
/usr/bin/cmake -E cmake_link_script CMakeFiles/cmTC_4a7d9.dir/link.txt --verbose=1
/usr/bin/gcc  -DCHECK_FUNCTION_EXISTS=pthread_create    -rdynamic CMakeFiles/cmTC_4a7d9.dir/CheckFunctionExists.c.o  -o cmTC_4a7d9 -lpthreads 
/usr/bin/ld: no se puede encontrar -lpthreads
collect2: error: ld returned 1 exit status
make[1]: *** [CMakeFiles/cmTC_4a7d9.dir/build.make:87: cmTC_4a7d9] Error 1
make[1]: se sale del directorio '/home/humasoft/Soft-Arm/.build-untitled-Desktop-Default/CMakeFiles/CMakeTmp'
make: *** [Makefile:121: cmTC_4a7d9/fast] Error 2


